# JRE version: Java(TM) SE Runtime Environment (7.0_71-b14) (build 1.7.0_71-b14)
# Java VM: Java HotSpot(TM) Server VM (24.71-b01 mixed mode linux-x86 )
Heap
 PSYoungGen      total 139520K, used 17909K [0x9e000000, 0xa7d80000, 0xb3580000)
  eden space 121600K, 0% used [0x9e000000,0x9e000000,0xa56c0000)
  from space 17920K, 99% used [0xa56c0000,0xa683d770,0xa6840000)
  to   space 14080K, 0% used [0xa6840000,0xa6840000,0xa7600000)
 ParOldGen       total 41728K, used 41721K [0x73580000, 0x75e40000, 0x9e000000)
  object space 41728K, 99% used [0x73580000,0x75e3e440,0x75e40000)
 PSPermGen       total 16384K, used 3841K [0x6f580000, 0x70580000, 0x73580000)
  object space 16384K, 23% used [0x6f580000,0x6f9407c8,0x70580000)
GC Heap History (10 events):
Event: 6.190 GC heap after
Heap after GC invocations=4 (full 0):
 PSYoungGen      total 34304K, used 2547K [0x9e000000, 0xa0400000, 0xb3580000)
  eden space 31744K, 0% used [0x9e000000,0x9e000000,0x9ff00000)
  from space 2560K, 99% used [0xa0180000,0xa03fcd20,0xa0400000)
  to   space 2560K, 0% used [0x9ff00000,0x9ff00000,0xa0180000)
 ParOldGen       total 41728K, used 9389K [0x73580000, 0x75e40000, 0x9e000000)
  object space 41728K, 22% used [0x73580000,0x73eab430,0x75e40000)
 PSPermGen       total 16384K, used 3678K [0x6f580000, 0x70580000, 0x73580000)
  object space 16384K, 22% used [0x6f580000,0x6f9179d8,0x70580000)
}
Event: 8.112 GC heap before
{Heap before GC invocations=5 (full 0):
 PSYoungGen      total 34304K, used 34291K [0x9e000000, 0xa0400000, 0xb3580000)
  eden space 31744K, 100% used [0x9e000000,0x9ff00000,0x9ff00000)
  from space 2560K, 99% used [0xa0180000,0xa03fcd20,0xa0400000)
  to   space 2560K, 0% used [0x9ff00000,0x9ff00000,0xa0180000)
 ParOldGen       total 41728K, used 9389K [0x73580000, 0x75e40000, 0x9e000000)
  object space 41728K, 22% used [0x73580000,0x73eab430,0x75e40000)
 PSPermGen       total 16384K, used 3726K [0x6f580000, 0x70580000, 0x73580000)
  object space 16384K, 22% used [0x6f580000,0x6f9238f8,0x70580000)
Event: 8.170 GC heap after
Heap after GC invocations=5 (full 0):
 PSYoungGen      total 34304K, used 2547K [0x9e000000, 0xa2d80000, 0xb3580000)
  eden space 31744K, 0% used [0x9e000000,0x9e000000,0x9ff00000)
  from space 2560K, 99% used [0x9ff00000,0xa017cd20,0xa0180000)
  to   space 7936K, 0% used [0xa25c0000,0xa25c0000,0xa2d80000)
 ParOldGen       total 41728K, used 14644K [0x73580000, 0x75e40000, 0x9e000000)
  object space 41728K, 35% used [0x73580000,0x743cd118,0x75e40000)
 PSPermGen       total 16384K, used 3726K [0x6f580000, 0x70580000, 0x73580000)
  object space 16384K, 22% used [0x6f580000,0x6f9238f8,0x70580000)
}
Event: 10.376 GC heap before
{Heap before GC invocations=6 (full 0):
 PSYoungGen      total 34304K, used 34291K [0x9e000000, 0xa2d80000, 0xb3580000)
  eden space 31744K, 100% used [0x9e000000,0x9ff00000,0x9ff00000)
  from space 2560K, 99% used [0x9ff00000,0xa017cd20,0xa0180000)
  to   space 7936K, 0% used [0xa25c0000,0xa25c0000,0xa2d80000)
 ParOldGen       total 41728K, used 14644K [0x73580000, 0x75e40000, 0x9e000000)
  object space 41728K, 35% used [0x73580000,0x743cd118,0x75e40000)
 PSPermGen       total 16384K, used 3741K [0x6f580000, 0x70580000, 0x73580000)
  object space 16384K, 22% used [0x6f580000,0x6f9276c0,0x70580000)
Event: 10.391 GC heap after
Heap after GC invocations=6 (full 0):
 PSYoungGen      total 70656K, used 7310K [0x9e000000, 0xa2f00000, 0xb3580000)
  eden space 62720K, 0% used [0x9e000000,0x9e000000,0xa1d40000)
  from space 7936K, 92% used [0xa25c0000,0xa2ce3868,0xa2d80000)
  to   space 8704K, 0% used [0xa1d40000,0xa1d40000,0xa25c0000)
 ParOldGen       total 41728K, used 14644K [0x73580000, 0x75e40000, 0x9e000000)
  object space 41728K, 35% used [0x73580000,0x743cd118,0x75e40000)
 PSPermGen       total 16384K, used 3741K [0x6f580000, 0x70580000, 0x73580000)
  object space 16384K, 22% used [0x6f580000,0x6f9276c0,0x70580000)
}
Event: 13.554 GC heap before
{Heap before GC invocations=7 (full 0):
 PSYoungGen      total 70656K, used 70030K [0x9e000000, 0xa2f00000, 0xb3580000)
  eden space 62720K, 100% used [0x9e000000,0xa1d40000,0xa1d40000)
  from space 7936K, 92% used [0xa25c0000,0xa2ce3868,0xa2d80000)
  to   space 8704K, 0% used [0xa1d40000,0xa1d40000,0xa25c0000)
 ParOldGen       total 41728K, used 14644K [0x73580000, 0x75e40000, 0x9e000000)
  object space 41728K, 35% used [0x73580000,0x743cd118,0x75e40000)
 PSPermGen       total 16384K, used 3758K [0x6f580000, 0x70580000, 0x73580000)
  object space 16384K, 22% used [0x6f580000,0x6f92ba20,0x70580000)
Event: 13.768 GC heap after
Heap after GC invocations=7 (full 0):
 PSYoungGen      total 71424K, used 8693K [0x9e000000, 0xa7600000, 0xb3580000)
  eden space 62720K, 0% used [0x9e000000,0x9e000000,0xa1d40000)
  from space 8704K, 99% used [0xa1d40000,0xa25bd700,0xa25c0000)
  to   space 14080K, 0% used [0xa6840000,0xa6840000,0xa7600000)
 ParOldGen       total 41728K, used 23207K [0x73580000, 0x75e40000, 0x9e000000)
  object space 41728K, 55% used [0x73580000,0x74c29cd8,0x75e40000)
 PSPermGen       total 16384K, used 3758K [0x6f580000, 0x70580000, 0x73580000)
  object space 16384K, 22% used [0x6f580000,0x6f92ba20,0x70580000)
}
Event: 14.908 GC heap before
{Heap before GC invocations=8 (full 0):
 PSYoungGen      total 71424K, used 71413K [0x9e000000, 0xa7600000, 0xb3580000)
  eden space 62720K, 100% used [0x9e000000,0xa1d40000,0xa1d40000)
  from space 8704K, 99% used [0xa1d40000,0xa25bd700,0xa25c0000)
  to   space 14080K, 0% used [0xa6840000,0xa6840000,0xa7600000)
 ParOldGen       total 41728K, used 23207K [0x73580000, 0x75e40000, 0x9e000000)
  object space 41728K, 55% used [0x73580000,0x74c29cd8,0x75e40000)
 PSPermGen       total 16384K, used 3768K [0x6f580000, 0x70580000, 0x73580000)
  object space 16384K, 22% used [0x6f580000,0x6f92e0c0,0x70580000)
Event: 15.051 GC heap after
Heap after GC invocations=8 (full 0):
 PSYoungGen      total 135680K, used 14072K [0x9e000000, 0xa7d80000, 0xb3580000)
  eden space 121600K, 0% used [0x9e000000,0x9e000000,0xa56c0000)
  from space 14080K, 99% used [0xa6840000,0xa75fe3b0,0xa7600000)
  to   space 17920K, 0% used [0xa56c0000,0xa56c0000,0xa6840000)
 ParOldGen       total 41728K, used 27286K [0x73580000, 0x75e40000, 0x9e000000)
  object space 41728K, 65% used [0x73580000,0x75025930,0x75e40000)
 PSPermGen       total 16384K, used 3768K [0x6f580000, 0x70580000, 0x73580000)
  object space 16384K, 22% used [0x6f580000,0x6f92e0c0,0x70580000)
}
Event: 16.548 GC heap before
{Heap before GC invocations=9 (full 0):
 PSYoungGen      total 135680K, used 135672K [0x9e000000, 0xa7d80000, 0xb3580000)
  eden space 121600K, 100% used [0x9e000000,0xa56c0000,0xa56c0000)
  from space 14080K, 99% used [0xa6840000,0xa75fe3b0,0xa7600000)
  to   space 17920K, 0% used [0xa56c0000,0xa56c0000,0xa6840000)
 ParOldGen       total 41728K, used 27286K [0x73580000, 0x75e40000, 0x9e000000)
  object space 41728K, 65% used [0x73580000,0x75025930,0x75e40000)
 PSPermGen       total 16384K, used 3841K [0x6f580000, 0x70580000, 0x73580000)
  object space 16384K, 23% used [0x6f580000,0x6f9407c8,0x70580000)

