# JRE version: Java(TM) SE Runtime Environment (7.0_71-b14) (build 1.7.0_71-b14)
# Java VM: Java HotSpot(TM) Server VM (24.71-b01 mixed mode linux-x86 )
Heap
 PSYoungGen      total 139520K, used 18168K [0x9df80000, 0xa7d80000, 0xb3500000)
  eden space 121344K, 0% used [0x9df80000,0x9df80000,0xa5600000)
  from space 18176K, 99% used [0xa5600000,0xa67be3d8,0xa67c0000)
  to   space 14080K, 0% used [0xa67c0000,0xa67c0000,0xa7580000)
 ParOldGen       total 41728K, used 40980K [0x73500000, 0x75dc0000, 0x9df80000)
  object space 41728K, 98% used [0x73500000,0x75d05100,0x75dc0000)
 PSPermGen       total 16384K, used 3800K [0x6f500000, 0x70500000, 0x73500000)
  object space 16384K, 23% used [0x6f500000,0x6f8b61c0,0x70500000)
GC Heap History (10 events):
Event: 6.936 GC heap after
Heap after GC invocations=4 (full 0):
 PSYoungGen      total 34304K, used 2549K [0x9df80000, 0xa0380000, 0xb3500000)
  eden space 31744K, 0% used [0x9df80000,0x9df80000,0x9fe80000)
  from space 2560K, 99% used [0xa0100000,0xa037d4e8,0xa0380000)
  to   space 2560K, 0% used [0x9fe80000,0x9fe80000,0xa0100000)
 ParOldGen       total 41728K, used 9206K [0x73500000, 0x75dc0000, 0x9df80000)
  object space 41728K, 22% used [0x73500000,0x73dfd8b8,0x75dc0000)
 PSPermGen       total 16384K, used 3681K [0x6f500000, 0x70500000, 0x73500000)
  object space 16384K, 22% used [0x6f500000,0x6f898670,0x70500000)
}
Event: 9.283 GC heap before
{Heap before GC invocations=5 (full 0):
 PSYoungGen      total 34304K, used 34293K [0x9df80000, 0xa0380000, 0xb3500000)
  eden space 31744K, 100% used [0x9df80000,0x9fe80000,0x9fe80000)
  from space 2560K, 99% used [0xa0100000,0xa037d4e8,0xa0380000)
  to   space 2560K, 0% used [0x9fe80000,0x9fe80000,0xa0100000)
 ParOldGen       total 41728K, used 9206K [0x73500000, 0x75dc0000, 0x9df80000)
  object space 41728K, 22% used [0x73500000,0x73dfd8b8,0x75dc0000)
 PSPermGen       total 16384K, used 3729K [0x6f500000, 0x70500000, 0x73500000)
  object space 16384K, 22% used [0x6f500000,0x6f8a46e8,0x70500000)
Event: 9.323 GC heap after
Heap after GC invocations=5 (full 0):
 PSYoungGen      total 34304K, used 2555K [0x9df80000, 0xa2d00000, 0xb3500000)
  eden space 31744K, 0% used [0x9df80000,0x9df80000,0x9fe80000)
  from space 2560K, 99% used [0x9fe80000,0xa00fefd0,0xa0100000)
  to   space 7936K, 0% used [0xa2540000,0xa2540000,0xa2d00000)
 ParOldGen       total 41728K, used 14439K [0x73500000, 0x75dc0000, 0x9df80000)
  object space 41728K, 34% used [0x73500000,0x74319fe8,0x75dc0000)
 PSPermGen       total 16384K, used 3729K [0x6f500000, 0x70500000, 0x73500000)
  object space 16384K, 22% used [0x6f500000,0x6f8a46e8,0x70500000)
}
Event: 10.895 GC heap before
{Heap before GC invocations=6 (full 0):
 PSYoungGen      total 34304K, used 34299K [0x9df80000, 0xa2d00000, 0xb3500000)
  eden space 31744K, 100% used [0x9df80000,0x9fe80000,0x9fe80000)
  from space 2560K, 99% used [0x9fe80000,0xa00fefd0,0xa0100000)
  to   space 7936K, 0% used [0xa2540000,0xa2540000,0xa2d00000)
 ParOldGen       total 41728K, used 14439K [0x73500000, 0x75dc0000, 0x9df80000)
  object space 41728K, 34% used [0x73500000,0x74319fe8,0x75dc0000)
 PSPermGen       total 16384K, used 3743K [0x6f500000, 0x70500000, 0x73500000)
  object space 16384K, 22% used [0x6f500000,0x6f8a7ee8,0x70500000)
Event: 10.929 GC heap after
Heap after GC invocations=6 (full 0):
 PSYoungGen      total 70656K, used 7261K [0x9df80000, 0xa2e80000, 0xb3500000)
  eden space 62720K, 0% used [0x9df80000,0x9df80000,0xa1cc0000)
  from space 7936K, 91% used [0xa2540000,0xa2c576c8,0xa2d00000)
  to   space 8704K, 0% used [0xa1cc0000,0xa1cc0000,0xa2540000)
 ParOldGen       total 41728K, used 14439K [0x73500000, 0x75dc0000, 0x9df80000)
  object space 41728K, 34% used [0x73500000,0x74319fe8,0x75dc0000)
 PSPermGen       total 16384K, used 3743K [0x6f500000, 0x70500000, 0x73500000)
  object space 16384K, 22% used [0x6f500000,0x6f8a7ee8,0x70500000)
}
Event: 12.441 GC heap before
{Heap before GC invocations=7 (full 0):
 PSYoungGen      total 70656K, used 69981K [0x9df80000, 0xa2e80000, 0xb3500000)
  eden space 62720K, 100% used [0x9df80000,0xa1cc0000,0xa1cc0000)
  from space 7936K, 91% used [0xa2540000,0xa2c576c8,0xa2d00000)
  to   space 8704K, 0% used [0xa1cc0000,0xa1cc0000,0xa2540000)
 ParOldGen       total 41728K, used 14439K [0x73500000, 0x75dc0000, 0x9df80000)
  object space 41728K, 34% used [0x73500000,0x74319fe8,0x75dc0000)
 PSPermGen       total 16384K, used 3758K [0x6f500000, 0x70500000, 0x73500000)
  object space 16384K, 22% used [0x6f500000,0x6f8abbd0,0x70500000)
Event: 12.480 GC heap after
Heap after GC invocations=7 (full 0):
 PSYoungGen      total 71424K, used 8703K [0x9df80000, 0xa7580000, 0xb3500000)
  eden space 62720K, 0% used [0x9df80000,0x9df80000,0xa1cc0000)
  from space 8704K, 99% used [0xa1cc0000,0xa253fe30,0xa2540000)
  to   space 14080K, 0% used [0xa67c0000,0xa67c0000,0xa7580000)
 ParOldGen       total 41728K, used 23052K [0x73500000, 0x75dc0000, 0x9df80000)
  object space 41728K, 55% used [0x73500000,0x74b833f0,0x75dc0000)
 PSPermGen       total 16384K, used 3758K [0x6f500000, 0x70500000, 0x73500000)
  object space 16384K, 22% used [0x6f500000,0x6f8abbd0,0x70500000)
}
Event: 12.886 GC heap before
{Heap before GC invocations=8 (full 0):
 PSYoungGen      total 71424K, used 71423K [0x9df80000, 0xa7580000, 0xb3500000)
  eden space 62720K, 100% used [0x9df80000,0xa1cc0000,0xa1cc0000)
  from space 8704K, 99% used [0xa1cc0000,0xa253fe30,0xa2540000)
  to   space 14080K, 0% used [0xa67c0000,0xa67c0000,0xa7580000)
 ParOldGen       total 41728K, used 23052K [0x73500000, 0x75dc0000, 0x9df80000)
  object space 41728K, 55% used [0x73500000,0x74b833f0,0x75dc0000)
 PSPermGen       total 16384K, used 3768K [0x6f500000, 0x70500000, 0x73500000)
  object space 16384K, 23% used [0x6f500000,0x6f8ae1b0,0x70500000)
Event: 12.932 GC heap after
Heap after GC invocations=8 (full 0):
 PSYoungGen      total 135424K, used 14076K [0x9df80000, 0xa7d80000, 0xb3500000)
  eden space 121344K, 0% used [0x9df80000,0x9df80000,0xa5600000)
  from space 14080K, 99% used [0xa67c0000,0xa757f0e8,0xa7580000)
  to   space 18176K, 0% used [0xa5600000,0xa5600000,0xa67c0000)
 ParOldGen       total 41728K, used 27337K [0x73500000, 0x75dc0000, 0x9df80000)
  object space 41728K, 65% used [0x73500000,0x74fb26f0,0x75dc0000)
 PSPermGen       total 16384K, used 3768K [0x6f500000, 0x70500000, 0x73500000)
  object space 16384K, 23% used [0x6f500000,0x6f8ae1b0,0x70500000)
}
Event: 14.477 GC heap before
{Heap before GC invocations=9 (full 0):
 PSYoungGen      total 135424K, used 135420K [0x9df80000, 0xa7d80000, 0xb3500000)
  eden space 121344K, 100% used [0x9df80000,0xa5600000,0xa5600000)
  from space 14080K, 99% used [0xa67c0000,0xa757f0e8,0xa7580000)
  to   space 18176K, 0% used [0xa5600000,0xa5600000,0xa67c0000)
 ParOldGen       total 41728K, used 27337K [0x73500000, 0x75dc0000, 0x9df80000)
  object space 41728K, 65% used [0x73500000,0x74fb26f0,0x75dc0000)
 PSPermGen       total 16384K, used 3800K [0x6f500000, 0x70500000, 0x73500000)
  object space 16384K, 23% used [0x6f500000,0x6f8b61c0,0x70500000)

